{"C:\\Users\\Badr\\Desktop\\Development\\nodejs-blogapp\\dist\\app.js": {"path":"C:\\Users\\Badr\\Desktop\\Development\\nodejs-blogapp\\dist\\app.js","statementMap":{"0":{"start":{"line":2,"column":22},"end":{"line":4,"column":1}},"1":{"start":{"line":3,"column":4},"end":{"line":3,"column":62}},"2":{"start":{"line":5,"column":0},"end":{"line":5,"column":62}},"3":{"start":{"line":6,"column":18},"end":{"line":6,"column":53}},"4":{"start":{"line":7,"column":24},"end":{"line":7,"column":74}},"5":{"start":{"line":9,"column":17},"end":{"line":9,"column":60}},"6":{"start":{"line":10,"column":12},"end":{"line":10,"column":36}},"7":{"start":{"line":11,"column":18},"end":{"line":11,"column":26}},"8":{"start":{"line":12,"column":13},"end":{"line":12,"column":17}},"9":{"start":{"line":13,"column":0},"end":{"line":13,"column":34}},"10":{"start":{"line":15,"column":0},"end":{"line":15,"column":46}},"11":{"start":{"line":17,"column":0},"end":{"line":22,"column":3}},"12":{"start":{"line":18,"column":18},"end":{"line":18,"column":40}},"13":{"start":{"line":19,"column":4},"end":{"line":21,"column":7}},"14":{"start":{"line":23,"column":0},"end":{"line":23,"column":149}},"15":{"start":{"line":23,"column":47},"end":{"line":23,"column":147}},"16":{"start":{"line":24,"column":0},"end":{"line":24,"column":22}}},"fnMap":{"0":{"name":"(anonymous_0)","decl":{"start":{"line":2,"column":56},"end":{"line":2,"column":57}},"loc":{"start":{"line":2,"column":71},"end":{"line":4,"column":1}},"line":2},"1":{"name":"(anonymous_1)","decl":{"start":{"line":17,"column":8},"end":{"line":17,"column":9}},"loc":{"start":{"line":17,"column":28},"end":{"line":22,"column":1}},"line":17},"2":{"name":"(anonymous_2)","decl":{"start":{"line":23,"column":41},"end":{"line":23,"column":42}},"loc":{"start":{"line":23,"column":47},"end":{"line":23,"column":147}},"line":23}},"branchMap":{"0":{"loc":{"start":{"line":2,"column":22},"end":{"line":4,"column":1}},"type":"binary-expr","locations":[{"start":{"line":2,"column":23},"end":{"line":2,"column":27}},{"start":{"line":2,"column":31},"end":{"line":2,"column":51}},{"start":{"line":2,"column":56},"end":{"line":4,"column":1}}],"line":2},"1":{"loc":{"start":{"line":3,"column":11},"end":{"line":3,"column":61}},"type":"cond-expr","locations":[{"start":{"line":3,"column":37},"end":{"line":3,"column":40}},{"start":{"line":3,"column":43},"end":{"line":3,"column":61}}],"line":3},"2":{"loc":{"start":{"line":3,"column":12},"end":{"line":3,"column":33}},"type":"binary-expr","locations":[{"start":{"line":3,"column":12},"end":{"line":3,"column":15}},{"start":{"line":3,"column":19},"end":{"line":3,"column":33}}],"line":3}},"s":{"0":1,"1":3,"2":1,"3":1,"4":1,"5":1,"6":1,"7":1,"8":1,"9":1,"10":1,"11":1,"12":3,"13":3,"14":1,"15":1,"16":1},"f":{"0":3,"1":3,"2":1},"b":{"0":[1,1,1],"1":[2,1],"2":[3,3]},"_coverageSchema":"1a1c01bbd47fc00a2c39e90264f33305004495a9","hash":"31f9118d6d1a3e86b4ab67716721ef23365900c1"}
,"C:\\Users\\Badr\\Desktop\\Development\\nodejs-blogapp\\dist\\config\\config.js": {"path":"C:\\Users\\Badr\\Desktop\\Development\\nodejs-blogapp\\dist\\config\\config.js","statementMap":{"0":{"start":{"line":2,"column":22},"end":{"line":4,"column":1}},"1":{"start":{"line":3,"column":4},"end":{"line":3,"column":62}},"2":{"start":{"line":5,"column":0},"end":{"line":5,"column":62}},"3":{"start":{"line":6,"column":17},"end":{"line":6,"column":51}},"4":{"start":{"line":7,"column":0},"end":{"line":7,"column":26}},"5":{"start":{"line":8,"column":19},"end":{"line":8,"column":56}},"6":{"start":{"line":9,"column":23},"end":{"line":9,"column":59}},"7":{"start":{"line":10,"column":19},"end":{"line":10,"column":51}},"8":{"start":{"line":11,"column":19},"end":{"line":11,"column":55}},"9":{"start":{"line":12,"column":14},"end":{"line":17,"column":1}},"10":{"start":{"line":18,"column":24},"end":{"line":18,"column":66}},"11":{"start":{"line":19,"column":20},"end":{"line":19,"column":51}},"12":{"start":{"line":20,"column":15},"end":{"line":23,"column":1}},"13":{"start":{"line":24,"column":15},"end":{"line":27,"column":1}},"14":{"start":{"line":28,"column":0},"end":{"line":28,"column":25}}},"fnMap":{"0":{"name":"(anonymous_0)","decl":{"start":{"line":2,"column":56},"end":{"line":2,"column":57}},"loc":{"start":{"line":2,"column":71},"end":{"line":4,"column":1}},"line":2}},"branchMap":{"0":{"loc":{"start":{"line":2,"column":22},"end":{"line":4,"column":1}},"type":"binary-expr","locations":[{"start":{"line":2,"column":23},"end":{"line":2,"column":27}},{"start":{"line":2,"column":31},"end":{"line":2,"column":51}},{"start":{"line":2,"column":56},"end":{"line":4,"column":1}}],"line":2},"1":{"loc":{"start":{"line":3,"column":11},"end":{"line":3,"column":61}},"type":"cond-expr","locations":[{"start":{"line":3,"column":37},"end":{"line":3,"column":40}},{"start":{"line":3,"column":43},"end":{"line":3,"column":61}}],"line":3},"2":{"loc":{"start":{"line":3,"column":12},"end":{"line":3,"column":33}},"type":"binary-expr","locations":[{"start":{"line":3,"column":12},"end":{"line":3,"column":15}},{"start":{"line":3,"column":19},"end":{"line":3,"column":33}}],"line":3},"3":{"loc":{"start":{"line":8,"column":19},"end":{"line":8,"column":56}},"type":"binary-expr","locations":[{"start":{"line":8,"column":19},"end":{"line":8,"column":41}},{"start":{"line":8,"column":45},"end":{"line":8,"column":56}}],"line":8},"4":{"loc":{"start":{"line":9,"column":23},"end":{"line":9,"column":59}},"type":"binary-expr","locations":[{"start":{"line":9,"column":23},"end":{"line":9,"column":49}},{"start":{"line":9,"column":53},"end":{"line":9,"column":59}}],"line":9},"5":{"loc":{"start":{"line":10,"column":19},"end":{"line":10,"column":51}},"type":"binary-expr","locations":[{"start":{"line":10,"column":19},"end":{"line":10,"column":41}},{"start":{"line":10,"column":45},"end":{"line":10,"column":51}}],"line":10},"6":{"loc":{"start":{"line":11,"column":19},"end":{"line":11,"column":55}},"type":"binary-expr","locations":[{"start":{"line":11,"column":19},"end":{"line":11,"column":41}},{"start":{"line":11,"column":45},"end":{"line":11,"column":55}}],"line":11},"7":{"loc":{"start":{"line":18,"column":24},"end":{"line":18,"column":66}},"type":"binary-expr","locations":[{"start":{"line":18,"column":24},"end":{"line":18,"column":51}},{"start":{"line":18,"column":55},"end":{"line":18,"column":66}}],"line":18},"8":{"loc":{"start":{"line":19,"column":20},"end":{"line":19,"column":51}},"type":"binary-expr","locations":[{"start":{"line":19,"column":20},"end":{"line":19,"column":43}},{"start":{"line":19,"column":47},"end":{"line":19,"column":51}}],"line":19}},"s":{"0":1,"1":1,"2":1,"3":1,"4":1,"5":1,"6":1,"7":1,"8":1,"9":1,"10":1,"11":1,"12":1,"13":1,"14":1},"f":{"0":1},"b":{"0":[1,1,1],"1":[0,1],"2":[1,1],"3":[1,1],"4":[1,1],"5":[1,1],"6":[1,1],"7":[1,1],"8":[1,1]},"_coverageSchema":"1a1c01bbd47fc00a2c39e90264f33305004495a9","hash":"ad002336d6f6dd83919545bd0447205475523fbf"}
,"C:\\Users\\Badr\\Desktop\\Development\\nodejs-blogapp\\dist\\config\\db.js": {"path":"C:\\Users\\Badr\\Desktop\\Development\\nodejs-blogapp\\dist\\config\\db.js","statementMap":{"0":{"start":{"line":2,"column":16},"end":{"line":10,"column":1}},"1":{"start":{"line":3,"column":28},"end":{"line":3,"column":110}},"2":{"start":{"line":3,"column":91},"end":{"line":3,"column":106}},"3":{"start":{"line":4,"column":4},"end":{"line":9,"column":7}},"4":{"start":{"line":5,"column":36},"end":{"line":5,"column":97}},"5":{"start":{"line":5,"column":42},"end":{"line":5,"column":70}},"6":{"start":{"line":5,"column":85},"end":{"line":5,"column":95}},"7":{"start":{"line":6,"column":35},"end":{"line":6,"column":100}},"8":{"start":{"line":6,"column":41},"end":{"line":6,"column":73}},"9":{"start":{"line":6,"column":88},"end":{"line":6,"column":98}},"10":{"start":{"line":7,"column":32},"end":{"line":7,"column":116}},"11":{"start":{"line":8,"column":8},"end":{"line":8,"column":78}},"12":{"start":{"line":11,"column":22},"end":{"line":13,"column":1}},"13":{"start":{"line":12,"column":4},"end":{"line":12,"column":62}},"14":{"start":{"line":14,"column":0},"end":{"line":14,"column":62}},"15":{"start":{"line":15,"column":0},"end":{"line":15,"column":41}},"16":{"start":{"line":16,"column":16},"end":{"line":16,"column":49}},"17":{"start":{"line":17,"column":17},"end":{"line":17,"column":53}},"18":{"start":{"line":18,"column":15},"end":{"line":23,"column":1}},"19":{"start":{"line":24,"column":16},"end":{"line":35,"column":2}},"20":{"start":{"line":24,"column":22},"end":{"line":35,"column":2}},"21":{"start":{"line":25,"column":4},"end":{"line":34,"column":7}},"22":{"start":{"line":26,"column":27},"end":{"line":26,"column":67}},"23":{"start":{"line":27,"column":8},"end":{"line":33,"column":11}},"24":{"start":{"line":28,"column":12},"end":{"line":31,"column":13}},"25":{"start":{"line":29,"column":16},"end":{"line":29,"column":30}},"26":{"start":{"line":30,"column":16},"end":{"line":30,"column":23}},"27":{"start":{"line":32,"column":12},"end":{"line":32,"column":32}},"28":{"start":{"line":36,"column":0},"end":{"line":36,"column":26}},"29":{"start":{"line":37,"column":14},"end":{"line":47,"column":2}},"30":{"start":{"line":37,"column":37},"end":{"line":47,"column":2}},"31":{"start":{"line":38,"column":4},"end":{"line":46,"column":7}},"32":{"start":{"line":39,"column":8},"end":{"line":45,"column":11}},"33":{"start":{"line":40,"column":12},"end":{"line":43,"column":13}},"34":{"start":{"line":41,"column":16},"end":{"line":41,"column":30}},"35":{"start":{"line":42,"column":16},"end":{"line":42,"column":23}},"36":{"start":{"line":44,"column":12},"end":{"line":44,"column":28}},"37":{"start":{"line":48,"column":0},"end":{"line":48,"column":22}}},"fnMap":{"0":{"name":"(anonymous_0)","decl":{"start":{"line":2,"column":44},"end":{"line":2,"column":45}},"loc":{"start":{"line":2,"column":89},"end":{"line":10,"column":1}},"line":2},"1":{"name":"adopt","decl":{"start":{"line":3,"column":13},"end":{"line":3,"column":18}},"loc":{"start":{"line":3,"column":26},"end":{"line":3,"column":112}},"line":3},"2":{"name":"(anonymous_2)","decl":{"start":{"line":3,"column":70},"end":{"line":3,"column":71}},"loc":{"start":{"line":3,"column":89},"end":{"line":3,"column":108}},"line":3},"3":{"name":"(anonymous_3)","decl":{"start":{"line":4,"column":36},"end":{"line":4,"column":37}},"loc":{"start":{"line":4,"column":63},"end":{"line":9,"column":5}},"line":4},"4":{"name":"fulfilled","decl":{"start":{"line":5,"column":17},"end":{"line":5,"column":26}},"loc":{"start":{"line":5,"column":34},"end":{"line":5,"column":99}},"line":5},"5":{"name":"rejected","decl":{"start":{"line":6,"column":17},"end":{"line":6,"column":25}},"loc":{"start":{"line":6,"column":33},"end":{"line":6,"column":102}},"line":6},"6":{"name":"step","decl":{"start":{"line":7,"column":17},"end":{"line":7,"column":21}},"loc":{"start":{"line":7,"column":30},"end":{"line":7,"column":118}},"line":7},"7":{"name":"(anonymous_7)","decl":{"start":{"line":11,"column":56},"end":{"line":11,"column":57}},"loc":{"start":{"line":11,"column":71},"end":{"line":13,"column":1}},"line":11},"8":{"name":"(anonymous_8)","decl":{"start":{"line":24,"column":16},"end":{"line":24,"column":17}},"loc":{"start":{"line":24,"column":22},"end":{"line":35,"column":2}},"line":24},"9":{"name":"(anonymous_9)","decl":{"start":{"line":24,"column":56},"end":{"line":24,"column":57}},"loc":{"start":{"line":24,"column":69},"end":{"line":35,"column":1}},"line":24},"10":{"name":"(anonymous_10)","decl":{"start":{"line":25,"column":23},"end":{"line":25,"column":24}},"loc":{"start":{"line":25,"column":44},"end":{"line":34,"column":5}},"line":25},"11":{"name":"(anonymous_11)","decl":{"start":{"line":27,"column":27},"end":{"line":27,"column":28}},"loc":{"start":{"line":27,"column":38},"end":{"line":33,"column":9}},"line":27},"12":{"name":"(anonymous_12)","decl":{"start":{"line":37,"column":14},"end":{"line":37,"column":15}},"loc":{"start":{"line":37,"column":37},"end":{"line":47,"column":2}},"line":37},"13":{"name":"(anonymous_13)","decl":{"start":{"line":37,"column":71},"end":{"line":37,"column":72}},"loc":{"start":{"line":37,"column":84},"end":{"line":47,"column":1}},"line":37},"14":{"name":"(anonymous_14)","decl":{"start":{"line":38,"column":23},"end":{"line":38,"column":24}},"loc":{"start":{"line":38,"column":44},"end":{"line":46,"column":5}},"line":38},"15":{"name":"(anonymous_15)","decl":{"start":{"line":39,"column":44},"end":{"line":39,"column":45}},"loc":{"start":{"line":39,"column":63},"end":{"line":45,"column":9}},"line":39}},"branchMap":{"0":{"loc":{"start":{"line":2,"column":16},"end":{"line":10,"column":1}},"type":"binary-expr","locations":[{"start":{"line":2,"column":17},"end":{"line":2,"column":21}},{"start":{"line":2,"column":25},"end":{"line":2,"column":39}},{"start":{"line":2,"column":44},"end":{"line":10,"column":1}}],"line":2},"1":{"loc":{"start":{"line":3,"column":35},"end":{"line":3,"column":109}},"type":"cond-expr","locations":[{"start":{"line":3,"column":56},"end":{"line":3,"column":61}},{"start":{"line":3,"column":64},"end":{"line":3,"column":109}}],"line":3},"2":{"loc":{"start":{"line":4,"column":16},"end":{"line":4,"column":34}},"type":"binary-expr","locations":[{"start":{"line":4,"column":16},"end":{"line":4,"column":17}},{"start":{"line":4,"column":22},"end":{"line":4,"column":33}}],"line":4},"3":{"loc":{"start":{"line":7,"column":32},"end":{"line":7,"column":115}},"type":"cond-expr","locations":[{"start":{"line":7,"column":46},"end":{"line":7,"column":67}},{"start":{"line":7,"column":70},"end":{"line":7,"column":115}}],"line":7},"4":{"loc":{"start":{"line":8,"column":51},"end":{"line":8,"column":67}},"type":"binary-expr","locations":[{"start":{"line":8,"column":51},"end":{"line":8,"column":61}},{"start":{"line":8,"column":65},"end":{"line":8,"column":67}}],"line":8},"5":{"loc":{"start":{"line":11,"column":22},"end":{"line":13,"column":1}},"type":"binary-expr","locations":[{"start":{"line":11,"column":23},"end":{"line":11,"column":27}},{"start":{"line":11,"column":31},"end":{"line":11,"column":51}},{"start":{"line":11,"column":56},"end":{"line":13,"column":1}}],"line":11},"6":{"loc":{"start":{"line":12,"column":11},"end":{"line":12,"column":61}},"type":"cond-expr","locations":[{"start":{"line":12,"column":37},"end":{"line":12,"column":40}},{"start":{"line":12,"column":43},"end":{"line":12,"column":61}}],"line":12},"7":{"loc":{"start":{"line":12,"column":12},"end":{"line":12,"column":33}},"type":"binary-expr","locations":[{"start":{"line":12,"column":12},"end":{"line":12,"column":15}},{"start":{"line":12,"column":19},"end":{"line":12,"column":33}}],"line":12},"8":{"loc":{"start":{"line":28,"column":12},"end":{"line":31,"column":13}},"type":"if","locations":[{"start":{"line":28,"column":12},"end":{"line":31,"column":13}},{"start":{},"end":{}}],"line":28},"9":{"loc":{"start":{"line":40,"column":12},"end":{"line":43,"column":13}},"type":"if","locations":[{"start":{"line":40,"column":12},"end":{"line":43,"column":13}},{"start":{},"end":{}}],"line":40}},"s":{"0":1,"1":0,"2":0,"3":5,"4":0,"5":0,"6":0,"7":0,"8":0,"9":0,"10":5,"11":5,"12":1,"13":2,"14":1,"15":1,"16":1,"17":1,"18":1,"19":1,"20":3,"21":3,"22":3,"23":3,"24":3,"25":0,"26":0,"27":3,"28":1,"29":1,"30":2,"31":2,"32":2,"33":2,"34":1,"35":1,"36":1,"37":1},"f":{"0":5,"1":0,"2":0,"3":5,"4":0,"5":0,"6":5,"7":2,"8":3,"9":3,"10":3,"11":3,"12":2,"13":2,"14":2,"15":2},"b":{"0":[1,1,1],"1":[0,0],"2":[5,5],"3":[5,0],"4":[5,5],"5":[1,1,1],"6":[1,1],"7":[2,2],"8":[0,3],"9":[1,1]},"_coverageSchema":"1a1c01bbd47fc00a2c39e90264f33305004495a9","hash":"06fc724ebd55a246cf52c8b381cd8a18ac282b6b"}
,"C:\\Users\\Badr\\Desktop\\Development\\nodejs-blogapp\\dist\\config\\logging.js": {"path":"C:\\Users\\Badr\\Desktop\\Development\\nodejs-blogapp\\dist\\config\\logging.js","statementMap":{"0":{"start":{"line":2,"column":0},"end":{"line":2,"column":62}},"1":{"start":{"line":3,"column":13},"end":{"line":10,"column":1}},"2":{"start":{"line":4,"column":4},"end":{"line":9,"column":5}},"3":{"start":{"line":5,"column":8},"end":{"line":5,"column":85}},"4":{"start":{"line":8,"column":8},"end":{"line":8,"column":77}},"5":{"start":{"line":11,"column":13},"end":{"line":18,"column":1}},"6":{"start":{"line":12,"column":4},"end":{"line":17,"column":5}},"7":{"start":{"line":13,"column":8},"end":{"line":13,"column":85}},"8":{"start":{"line":16,"column":8},"end":{"line":16,"column":77}},"9":{"start":{"line":19,"column":14},"end":{"line":26,"column":1}},"10":{"start":{"line":20,"column":4},"end":{"line":25,"column":5}},"11":{"start":{"line":21,"column":8},"end":{"line":21,"column":87}},"12":{"start":{"line":24,"column":8},"end":{"line":24,"column":79}},"13":{"start":{"line":27,"column":14},"end":{"line":34,"column":1}},"14":{"start":{"line":28,"column":4},"end":{"line":33,"column":5}},"15":{"start":{"line":29,"column":8},"end":{"line":29,"column":87}},"16":{"start":{"line":32,"column":8},"end":{"line":32,"column":79}},"17":{"start":{"line":35,"column":21},"end":{"line":37,"column":1}},"18":{"start":{"line":36,"column":4},"end":{"line":36,"column":36}},"19":{"start":{"line":38,"column":0},"end":{"line":43,"column":2}}},"fnMap":{"0":{"name":"(anonymous_0)","decl":{"start":{"line":3,"column":13},"end":{"line":3,"column":14}},"loc":{"start":{"line":3,"column":45},"end":{"line":10,"column":1}},"line":3},"1":{"name":"(anonymous_1)","decl":{"start":{"line":11,"column":13},"end":{"line":11,"column":14}},"loc":{"start":{"line":11,"column":45},"end":{"line":18,"column":1}},"line":11},"2":{"name":"(anonymous_2)","decl":{"start":{"line":19,"column":14},"end":{"line":19,"column":15}},"loc":{"start":{"line":19,"column":46},"end":{"line":26,"column":1}},"line":19},"3":{"name":"(anonymous_3)","decl":{"start":{"line":27,"column":14},"end":{"line":27,"column":15}},"loc":{"start":{"line":27,"column":46},"end":{"line":34,"column":1}},"line":27},"4":{"name":"(anonymous_4)","decl":{"start":{"line":35,"column":21},"end":{"line":35,"column":22}},"loc":{"start":{"line":35,"column":27},"end":{"line":37,"column":1}},"line":35}},"branchMap":{"0":{"loc":{"start":{"line":4,"column":4},"end":{"line":9,"column":5}},"type":"if","locations":[{"start":{"line":4,"column":4},"end":{"line":9,"column":5}},{"start":{"line":7,"column":9},"end":{"line":9,"column":5}}],"line":4},"1":{"loc":{"start":{"line":12,"column":4},"end":{"line":17,"column":5}},"type":"if","locations":[{"start":{"line":12,"column":4},"end":{"line":17,"column":5}},{"start":{"line":15,"column":9},"end":{"line":17,"column":5}}],"line":12},"2":{"loc":{"start":{"line":20,"column":4},"end":{"line":25,"column":5}},"type":"if","locations":[{"start":{"line":20,"column":4},"end":{"line":25,"column":5}},{"start":{"line":23,"column":9},"end":{"line":25,"column":5}}],"line":20},"3":{"loc":{"start":{"line":28,"column":4},"end":{"line":33,"column":5}},"type":"if","locations":[{"start":{"line":28,"column":4},"end":{"line":33,"column":5}},{"start":{"line":31,"column":9},"end":{"line":33,"column":5}}],"line":28}},"s":{"0":1,"1":1,"2":6,"3":2,"4":4,"5":1,"6":0,"7":0,"8":0,"9":1,"10":1,"11":1,"12":0,"13":1,"14":0,"15":0,"16":0,"17":1,"18":7,"19":1},"f":{"0":6,"1":0,"2":1,"3":0,"4":7},"b":{"0":[2,4],"1":[0,0],"2":[1,0],"3":[0,0]},"_coverageSchema":"1a1c01bbd47fc00a2c39e90264f33305004495a9","hash":"395227f9ee05903e1bf7784f9d47a9b5766fa6c7"}
,"C:\\Users\\Badr\\Desktop\\Development\\nodejs-blogapp\\dist\\controllers\\articleController.js": {"path":"C:\\Users\\Badr\\Desktop\\Development\\nodejs-blogapp\\dist\\controllers\\articleController.js","statementMap":{"0":{"start":{"line":2,"column":16},"end":{"line":10,"column":1}},"1":{"start":{"line":3,"column":28},"end":{"line":3,"column":110}},"2":{"start":{"line":3,"column":91},"end":{"line":3,"column":106}},"3":{"start":{"line":4,"column":4},"end":{"line":9,"column":7}},"4":{"start":{"line":5,"column":36},"end":{"line":5,"column":97}},"5":{"start":{"line":5,"column":42},"end":{"line":5,"column":70}},"6":{"start":{"line":5,"column":85},"end":{"line":5,"column":95}},"7":{"start":{"line":6,"column":35},"end":{"line":6,"column":100}},"8":{"start":{"line":6,"column":41},"end":{"line":6,"column":73}},"9":{"start":{"line":6,"column":88},"end":{"line":6,"column":98}},"10":{"start":{"line":7,"column":32},"end":{"line":7,"column":116}},"11":{"start":{"line":8,"column":8},"end":{"line":8,"column":78}},"12":{"start":{"line":11,"column":22},"end":{"line":13,"column":1}},"13":{"start":{"line":12,"column":4},"end":{"line":12,"column":62}},"14":{"start":{"line":14,"column":0},"end":{"line":14,"column":62}},"15":{"start":{"line":15,"column":0},"end":{"line":15,"column":155}},"16":{"start":{"line":16,"column":13},"end":{"line":16,"column":36}},"17":{"start":{"line":17,"column":18},"end":{"line":17,"column":63}},"18":{"start":{"line":18,"column":18},"end":{"line":18,"column":27}},"19":{"start":{"line":19,"column":21},"end":{"line":49,"column":2}},"20":{"start":{"line":19,"column":35},"end":{"line":49,"column":2}},"21":{"start":{"line":20,"column":16},"end":{"line":20,"column":40}},"22":{"start":{"line":21,"column":4},"end":{"line":48,"column":7}},"23":{"start":{"line":23,"column":8},"end":{"line":40,"column":11}},"24":{"start":{"line":25,"column":12},"end":{"line":25,"column":79}},"25":{"start":{"line":26,"column":12},"end":{"line":28,"column":15}},"26":{"start":{"line":31,"column":12},"end":{"line":31,"column":69}},"27":{"start":{"line":32,"column":12},"end":{"line":35,"column":15}},"28":{"start":{"line":38,"column":12},"end":{"line":38,"column":69}},"29":{"start":{"line":39,"column":12},"end":{"line":39,"column":29}},"30":{"start":{"line":43,"column":8},"end":{"line":43,"column":65}},"31":{"start":{"line":44,"column":8},"end":{"line":47,"column":11}},"32":{"start":{"line":50,"column":0},"end":{"line":50,"column":36}},"33":{"start":{"line":51,"column":19},"end":{"line":85,"column":2}},"34":{"start":{"line":51,"column":33},"end":{"line":85,"column":2}},"35":{"start":{"line":52,"column":4},"end":{"line":84,"column":5}},"36":{"start":{"line":53,"column":8},"end":{"line":53,"column":67}},"37":{"start":{"line":54,"column":26},"end":{"line":54,"column":39}},"38":{"start":{"line":56,"column":22},"end":{"line":56,"column":70}},"39":{"start":{"line":57,"column":23},"end":{"line":57,"column":34}},"40":{"start":{"line":59,"column":8},"end":{"line":79,"column":11}},"41":{"start":{"line":62,"column":12},"end":{"line":74,"column":15}},"42":{"start":{"line":63,"column":16},"end":{"line":63,"column":33}},"43":{"start":{"line":64,"column":16},"end":{"line":67,"column":17}},"44":{"start":{"line":65,"column":20},"end":{"line":65,"column":94}},"45":{"start":{"line":66,"column":20},"end":{"line":66,"column":99}},"46":{"start":{"line":69,"column":16},"end":{"line":71,"column":17}},"47":{"start":{"line":70,"column":20},"end":{"line":70,"column":82}},"48":{"start":{"line":72,"column":16},"end":{"line":72,"column":90}},"49":{"start":{"line":73,"column":16},"end":{"line":73,"column":69}},"50":{"start":{"line":77,"column":12},"end":{"line":77,"column":87}},"51":{"start":{"line":78,"column":12},"end":{"line":78,"column":92}},"52":{"start":{"line":82,"column":8},"end":{"line":82,"column":82}},"53":{"start":{"line":83,"column":8},"end":{"line":83,"column":81}},"54":{"start":{"line":86,"column":0},"end":{"line":86,"column":32}},"55":{"start":{"line":87,"column":22},"end":{"line":119,"column":2}},"56":{"start":{"line":87,"column":36},"end":{"line":119,"column":2}},"57":{"start":{"line":88,"column":4},"end":{"line":88,"column":60}},"58":{"start":{"line":89,"column":39},"end":{"line":89,"column":47}},"59":{"start":{"line":90,"column":16},"end":{"line":90,"column":188}},"60":{"start":{"line":91,"column":4},"end":{"line":118,"column":7}},"61":{"start":{"line":93,"column":8},"end":{"line":110,"column":11}},"62":{"start":{"line":95,"column":12},"end":{"line":95,"column":75}},"63":{"start":{"line":96,"column":12},"end":{"line":98,"column":15}},"64":{"start":{"line":101,"column":12},"end":{"line":101,"column":69}},"65":{"start":{"line":102,"column":12},"end":{"line":105,"column":15}},"66":{"start":{"line":108,"column":12},"end":{"line":108,"column":69}},"67":{"start":{"line":109,"column":12},"end":{"line":109,"column":29}},"68":{"start":{"line":113,"column":8},"end":{"line":113,"column":65}},"69":{"start":{"line":114,"column":8},"end":{"line":117,"column":11}},"70":{"start":{"line":120,"column":0},"end":{"line":120,"column":38}},"71":{"start":{"line":121,"column":21},"end":{"line":152,"column":2}},"72":{"start":{"line":121,"column":35},"end":{"line":152,"column":2}},"73":{"start":{"line":122,"column":22},"end":{"line":122,"column":42}},"74":{"start":{"line":123,"column":4},"end":{"line":151,"column":5}},"75":{"start":{"line":124,"column":8},"end":{"line":124,"column":76}},"76":{"start":{"line":125,"column":26},"end":{"line":125,"column":39}},"77":{"start":{"line":127,"column":22},"end":{"line":127,"column":77}},"78":{"start":{"line":128,"column":23},"end":{"line":128,"column":34}},"79":{"start":{"line":130,"column":8},"end":{"line":146,"column":11}},"80":{"start":{"line":133,"column":12},"end":{"line":141,"column":15}},"81":{"start":{"line":134,"column":16},"end":{"line":134,"column":33}},"82":{"start":{"line":135,"column":16},"end":{"line":138,"column":17}},"83":{"start":{"line":136,"column":20},"end":{"line":136,"column":89}},"84":{"start":{"line":137,"column":20},"end":{"line":137,"column":94}},"85":{"start":{"line":139,"column":16},"end":{"line":139,"column":79}},"86":{"start":{"line":140,"column":16},"end":{"line":140,"column":67}},"87":{"start":{"line":144,"column":12},"end":{"line":144,"column":87}},"88":{"start":{"line":145,"column":12},"end":{"line":145,"column":92}},"89":{"start":{"line":149,"column":8},"end":{"line":149,"column":77}},"90":{"start":{"line":150,"column":8},"end":{"line":150,"column":81}},"91":{"start":{"line":153,"column":0},"end":{"line":153,"column":36}},"92":{"start":{"line":154,"column":22},"end":{"line":188,"column":2}},"93":{"start":{"line":154,"column":36},"end":{"line":188,"column":2}},"94":{"start":{"line":155,"column":22},"end":{"line":155,"column":42}},"95":{"start":{"line":156,"column":4},"end":{"line":187,"column":5}},"96":{"start":{"line":157,"column":8},"end":{"line":157,"column":65}},"97":{"start":{"line":158,"column":39},"end":{"line":158,"column":47}},"98":{"start":{"line":160,"column":8},"end":{"line":162,"column":9}},"99":{"start":{"line":161,"column":12},"end":{"line":161,"column":93}},"100":{"start":{"line":164,"column":22},"end":{"line":164,"column":179}},"101":{"start":{"line":166,"column":8},"end":{"line":182,"column":11}},"102":{"start":{"line":169,"column":12},"end":{"line":177,"column":15}},"103":{"start":{"line":170,"column":16},"end":{"line":170,"column":33}},"104":{"start":{"line":171,"column":16},"end":{"line":174,"column":17}},"105":{"start":{"line":172,"column":20},"end":{"line":172,"column":89}},"106":{"start":{"line":173,"column":20},"end":{"line":173,"column":94}},"107":{"start":{"line":175,"column":16},"end":{"line":175,"column":78}},"108":{"start":{"line":176,"column":16},"end":{"line":176,"column":97}},"109":{"start":{"line":180,"column":12},"end":{"line":180,"column":87}},"110":{"start":{"line":181,"column":12},"end":{"line":181,"column":92}},"111":{"start":{"line":185,"column":8},"end":{"line":185,"column":77}},"112":{"start":{"line":186,"column":8},"end":{"line":186,"column":81}},"113":{"start":{"line":189,"column":0},"end":{"line":189,"column":38}},"114":{"start":{"line":190,"column":31},"end":{"line":224,"column":2}},"115":{"start":{"line":190,"column":45},"end":{"line":224,"column":2}},"116":{"start":{"line":191,"column":22},"end":{"line":191,"column":42}},"117":{"start":{"line":192,"column":4},"end":{"line":223,"column":5}},"118":{"start":{"line":193,"column":8},"end":{"line":193,"column":78}},"119":{"start":{"line":194,"column":39},"end":{"line":194,"column":47}},"120":{"start":{"line":196,"column":8},"end":{"line":198,"column":9}},"121":{"start":{"line":197,"column":12},"end":{"line":197,"column":92}},"122":{"start":{"line":200,"column":22},"end":{"line":200,"column":185}},"123":{"start":{"line":202,"column":8},"end":{"line":218,"column":11}},"124":{"start":{"line":205,"column":12},"end":{"line":213,"column":15}},"125":{"start":{"line":206,"column":16},"end":{"line":206,"column":33}},"126":{"start":{"line":207,"column":16},"end":{"line":210,"column":17}},"127":{"start":{"line":208,"column":20},"end":{"line":208,"column":100}},"128":{"start":{"line":209,"column":20},"end":{"line":209,"column":105}},"129":{"start":{"line":211,"column":16},"end":{"line":211,"column":89}},"130":{"start":{"line":212,"column":16},"end":{"line":212,"column":108}},"131":{"start":{"line":216,"column":12},"end":{"line":216,"column":87}},"132":{"start":{"line":217,"column":12},"end":{"line":217,"column":92}},"133":{"start":{"line":221,"column":8},"end":{"line":221,"column":88}},"134":{"start":{"line":222,"column":8},"end":{"line":222,"column":81}},"135":{"start":{"line":225,"column":0},"end":{"line":225,"column":56}}},"fnMap":{"0":{"name":"(anonymous_0)","decl":{"start":{"line":2,"column":44},"end":{"line":2,"column":45}},"loc":{"start":{"line":2,"column":89},"end":{"line":10,"column":1}},"line":2},"1":{"name":"adopt","decl":{"start":{"line":3,"column":13},"end":{"line":3,"column":18}},"loc":{"start":{"line":3,"column":26},"end":{"line":3,"column":112}},"line":3},"2":{"name":"(anonymous_2)","decl":{"start":{"line":3,"column":70},"end":{"line":3,"column":71}},"loc":{"start":{"line":3,"column":89},"end":{"line":3,"column":108}},"line":3},"3":{"name":"(anonymous_3)","decl":{"start":{"line":4,"column":36},"end":{"line":4,"column":37}},"loc":{"start":{"line":4,"column":63},"end":{"line":9,"column":5}},"line":4},"4":{"name":"fulfilled","decl":{"start":{"line":5,"column":17},"end":{"line":5,"column":26}},"loc":{"start":{"line":5,"column":34},"end":{"line":5,"column":99}},"line":5},"5":{"name":"rejected","decl":{"start":{"line":6,"column":17},"end":{"line":6,"column":25}},"loc":{"start":{"line":6,"column":33},"end":{"line":6,"column":102}},"line":6},"6":{"name":"step","decl":{"start":{"line":7,"column":17},"end":{"line":7,"column":21}},"loc":{"start":{"line":7,"column":30},"end":{"line":7,"column":118}},"line":7},"7":{"name":"(anonymous_7)","decl":{"start":{"line":11,"column":56},"end":{"line":11,"column":57}},"loc":{"start":{"line":11,"column":71},"end":{"line":13,"column":1}},"line":11},"8":{"name":"(anonymous_8)","decl":{"start":{"line":19,"column":21},"end":{"line":19,"column":22}},"loc":{"start":{"line":19,"column":35},"end":{"line":49,"column":2}},"line":19},"9":{"name":"(anonymous_9)","decl":{"start":{"line":19,"column":69},"end":{"line":19,"column":70}},"loc":{"start":{"line":19,"column":82},"end":{"line":49,"column":1}},"line":19},"10":{"name":"(anonymous_10)","decl":{"start":{"line":22,"column":14},"end":{"line":22,"column":15}},"loc":{"start":{"line":22,"column":30},"end":{"line":41,"column":5}},"line":22},"11":{"name":"(anonymous_11)","decl":{"start":{"line":24,"column":18},"end":{"line":24,"column":19}},"loc":{"start":{"line":24,"column":31},"end":{"line":29,"column":9}},"line":24},"12":{"name":"(anonymous_12)","decl":{"start":{"line":30,"column":19},"end":{"line":30,"column":20}},"loc":{"start":{"line":30,"column":30},"end":{"line":36,"column":9}},"line":30},"13":{"name":"(anonymous_13)","decl":{"start":{"line":37,"column":21},"end":{"line":37,"column":22}},"loc":{"start":{"line":37,"column":27},"end":{"line":40,"column":9}},"line":37},"14":{"name":"(anonymous_14)","decl":{"start":{"line":42,"column":15},"end":{"line":42,"column":16}},"loc":{"start":{"line":42,"column":26},"end":{"line":48,"column":5}},"line":42},"15":{"name":"(anonymous_15)","decl":{"start":{"line":51,"column":19},"end":{"line":51,"column":20}},"loc":{"start":{"line":51,"column":33},"end":{"line":85,"column":2}},"line":51},"16":{"name":"(anonymous_16)","decl":{"start":{"line":51,"column":67},"end":{"line":51,"column":68}},"loc":{"start":{"line":51,"column":80},"end":{"line":85,"column":1}},"line":51},"17":{"name":"(anonymous_17)","decl":{"start":{"line":60,"column":18},"end":{"line":60,"column":19}},"loc":{"start":{"line":60,"column":34},"end":{"line":75,"column":9}},"line":60},"18":{"name":"(anonymous_18)","decl":{"start":{"line":62,"column":44},"end":{"line":62,"column":45}},"loc":{"start":{"line":62,"column":64},"end":{"line":74,"column":13}},"line":62},"19":{"name":"(anonymous_19)","decl":{"start":{"line":76,"column":19},"end":{"line":76,"column":20}},"loc":{"start":{"line":76,"column":30},"end":{"line":79,"column":9}},"line":76},"20":{"name":"(anonymous_20)","decl":{"start":{"line":87,"column":22},"end":{"line":87,"column":23}},"loc":{"start":{"line":87,"column":36},"end":{"line":119,"column":2}},"line":87},"21":{"name":"(anonymous_21)","decl":{"start":{"line":87,"column":70},"end":{"line":87,"column":71}},"loc":{"start":{"line":87,"column":83},"end":{"line":119,"column":1}},"line":87},"22":{"name":"(anonymous_22)","decl":{"start":{"line":92,"column":14},"end":{"line":92,"column":15}},"loc":{"start":{"line":92,"column":30},"end":{"line":111,"column":5}},"line":92},"23":{"name":"(anonymous_23)","decl":{"start":{"line":94,"column":18},"end":{"line":94,"column":19}},"loc":{"start":{"line":94,"column":30},"end":{"line":99,"column":9}},"line":94},"24":{"name":"(anonymous_24)","decl":{"start":{"line":100,"column":19},"end":{"line":100,"column":20}},"loc":{"start":{"line":100,"column":30},"end":{"line":106,"column":9}},"line":100},"25":{"name":"(anonymous_25)","decl":{"start":{"line":107,"column":21},"end":{"line":107,"column":22}},"loc":{"start":{"line":107,"column":27},"end":{"line":110,"column":9}},"line":107},"26":{"name":"(anonymous_26)","decl":{"start":{"line":112,"column":15},"end":{"line":112,"column":16}},"loc":{"start":{"line":112,"column":26},"end":{"line":118,"column":5}},"line":112},"27":{"name":"(anonymous_27)","decl":{"start":{"line":121,"column":21},"end":{"line":121,"column":22}},"loc":{"start":{"line":121,"column":35},"end":{"line":152,"column":2}},"line":121},"28":{"name":"(anonymous_28)","decl":{"start":{"line":121,"column":69},"end":{"line":121,"column":70}},"loc":{"start":{"line":121,"column":82},"end":{"line":152,"column":1}},"line":121},"29":{"name":"(anonymous_29)","decl":{"start":{"line":131,"column":18},"end":{"line":131,"column":19}},"loc":{"start":{"line":131,"column":34},"end":{"line":142,"column":9}},"line":131},"30":{"name":"(anonymous_30)","decl":{"start":{"line":133,"column":44},"end":{"line":133,"column":45}},"loc":{"start":{"line":133,"column":64},"end":{"line":141,"column":13}},"line":133},"31":{"name":"(anonymous_31)","decl":{"start":{"line":143,"column":19},"end":{"line":143,"column":20}},"loc":{"start":{"line":143,"column":30},"end":{"line":146,"column":9}},"line":143},"32":{"name":"(anonymous_32)","decl":{"start":{"line":154,"column":22},"end":{"line":154,"column":23}},"loc":{"start":{"line":154,"column":36},"end":{"line":188,"column":2}},"line":154},"33":{"name":"(anonymous_33)","decl":{"start":{"line":154,"column":70},"end":{"line":154,"column":71}},"loc":{"start":{"line":154,"column":83},"end":{"line":188,"column":1}},"line":154},"34":{"name":"(anonymous_34)","decl":{"start":{"line":167,"column":18},"end":{"line":167,"column":19}},"loc":{"start":{"line":167,"column":34},"end":{"line":178,"column":9}},"line":167},"35":{"name":"(anonymous_35)","decl":{"start":{"line":169,"column":36},"end":{"line":169,"column":37}},"loc":{"start":{"line":169,"column":55},"end":{"line":177,"column":13}},"line":169},"36":{"name":"(anonymous_36)","decl":{"start":{"line":179,"column":19},"end":{"line":179,"column":20}},"loc":{"start":{"line":179,"column":30},"end":{"line":182,"column":9}},"line":179},"37":{"name":"(anonymous_37)","decl":{"start":{"line":190,"column":31},"end":{"line":190,"column":32}},"loc":{"start":{"line":190,"column":45},"end":{"line":224,"column":2}},"line":190},"38":{"name":"(anonymous_38)","decl":{"start":{"line":190,"column":79},"end":{"line":190,"column":80}},"loc":{"start":{"line":190,"column":92},"end":{"line":224,"column":1}},"line":190},"39":{"name":"(anonymous_39)","decl":{"start":{"line":203,"column":18},"end":{"line":203,"column":19}},"loc":{"start":{"line":203,"column":34},"end":{"line":214,"column":9}},"line":203},"40":{"name":"(anonymous_40)","decl":{"start":{"line":205,"column":36},"end":{"line":205,"column":37}},"loc":{"start":{"line":205,"column":55},"end":{"line":213,"column":13}},"line":205},"41":{"name":"(anonymous_41)","decl":{"start":{"line":215,"column":19},"end":{"line":215,"column":20}},"loc":{"start":{"line":215,"column":30},"end":{"line":218,"column":9}},"line":215}},"branchMap":{"0":{"loc":{"start":{"line":2,"column":16},"end":{"line":10,"column":1}},"type":"binary-expr","locations":[{"start":{"line":2,"column":17},"end":{"line":2,"column":21}},{"start":{"line":2,"column":25},"end":{"line":2,"column":39}},{"start":{"line":2,"column":44},"end":{"line":10,"column":1}}],"line":2},"1":{"loc":{"start":{"line":3,"column":35},"end":{"line":3,"column":109}},"type":"cond-expr","locations":[{"start":{"line":3,"column":56},"end":{"line":3,"column":61}},{"start":{"line":3,"column":64},"end":{"line":3,"column":109}}],"line":3},"2":{"loc":{"start":{"line":4,"column":16},"end":{"line":4,"column":34}},"type":"binary-expr","locations":[{"start":{"line":4,"column":16},"end":{"line":4,"column":17}},{"start":{"line":4,"column":22},"end":{"line":4,"column":33}}],"line":4},"3":{"loc":{"start":{"line":7,"column":32},"end":{"line":7,"column":115}},"type":"cond-expr","locations":[{"start":{"line":7,"column":46},"end":{"line":7,"column":67}},{"start":{"line":7,"column":70},"end":{"line":7,"column":115}}],"line":7},"4":{"loc":{"start":{"line":8,"column":51},"end":{"line":8,"column":67}},"type":"binary-expr","locations":[{"start":{"line":8,"column":51},"end":{"line":8,"column":61}},{"start":{"line":8,"column":65},"end":{"line":8,"column":67}}],"line":8},"5":{"loc":{"start":{"line":11,"column":22},"end":{"line":13,"column":1}},"type":"binary-expr","locations":[{"start":{"line":11,"column":23},"end":{"line":11,"column":27}},{"start":{"line":11,"column":31},"end":{"line":11,"column":51}},{"start":{"line":11,"column":56},"end":{"line":13,"column":1}}],"line":11},"6":{"loc":{"start":{"line":12,"column":11},"end":{"line":12,"column":61}},"type":"cond-expr","locations":[{"start":{"line":12,"column":37},"end":{"line":12,"column":40}},{"start":{"line":12,"column":43},"end":{"line":12,"column":61}}],"line":12},"7":{"loc":{"start":{"line":12,"column":12},"end":{"line":12,"column":33}},"type":"binary-expr","locations":[{"start":{"line":12,"column":12},"end":{"line":12,"column":15}},{"start":{"line":12,"column":19},"end":{"line":12,"column":33}}],"line":12},"8":{"loc":{"start":{"line":64,"column":16},"end":{"line":67,"column":17}},"type":"if","locations":[{"start":{"line":64,"column":16},"end":{"line":67,"column":17}},{"start":{},"end":{}}],"line":64},"9":{"loc":{"start":{"line":69,"column":16},"end":{"line":71,"column":17}},"type":"if","locations":[{"start":{"line":69,"column":16},"end":{"line":71,"column":17}},{"start":{},"end":{}}],"line":69},"10":{"loc":{"start":{"line":135,"column":16},"end":{"line":138,"column":17}},"type":"if","locations":[{"start":{"line":135,"column":16},"end":{"line":138,"column":17}},{"start":{},"end":{}}],"line":135},"11":{"loc":{"start":{"line":160,"column":8},"end":{"line":162,"column":9}},"type":"if","locations":[{"start":{"line":160,"column":8},"end":{"line":162,"column":9}},{"start":{},"end":{}}],"line":160},"12":{"loc":{"start":{"line":160,"column":12},"end":{"line":160,"column":34}},"type":"binary-expr","locations":[{"start":{"line":160,"column":12},"end":{"line":160,"column":22}},{"start":{"line":160,"column":26},"end":{"line":160,"column":34}}],"line":160},"13":{"loc":{"start":{"line":171,"column":16},"end":{"line":174,"column":17}},"type":"if","locations":[{"start":{"line":171,"column":16},"end":{"line":174,"column":17}},{"start":{},"end":{}}],"line":171},"14":{"loc":{"start":{"line":196,"column":8},"end":{"line":198,"column":9}},"type":"if","locations":[{"start":{"line":196,"column":8},"end":{"line":198,"column":9}},{"start":{},"end":{}}],"line":196},"15":{"loc":{"start":{"line":196,"column":12},"end":{"line":196,"column":34}},"type":"binary-expr","locations":[{"start":{"line":196,"column":12},"end":{"line":196,"column":22}},{"start":{"line":196,"column":26},"end":{"line":196,"column":34}}],"line":196},"16":{"loc":{"start":{"line":207,"column":16},"end":{"line":210,"column":17}},"type":"if","locations":[{"start":{"line":207,"column":16},"end":{"line":210,"column":17}},{"start":{},"end":{}}],"line":207}},"s":{"0":1,"1":0,"2":0,"3":3,"4":0,"5":0,"6":0,"7":0,"8":0,"9":0,"10":3,"11":3,"12":1,"13":1,"14":1,"15":1,"16":1,"17":1,"18":1,"19":1,"20":1,"21":1,"22":1,"23":1,"24":1,"25":1,"26":0,"27":0,"28":1,"29":1,"30":0,"31":0,"32":1,"33":1,"34":1,"35":1,"36":1,"37":1,"38":1,"39":1,"40":1,"41":1,"42":1,"43":1,"44":0,"45":0,"46":1,"47":0,"48":1,"49":1,"50":0,"51":0,"52":0,"53":0,"54":1,"55":1,"56":1,"57":1,"58":1,"59":1,"60":1,"61":1,"62":0,"63":0,"64":1,"65":1,"66":1,"67":1,"68":0,"69":0,"70":1,"71":1,"72":0,"73":0,"74":0,"75":0,"76":0,"77":0,"78":0,"79":0,"80":0,"81":0,"82":0,"83":0,"84":0,"85":0,"86":0,"87":0,"88":0,"89":0,"90":0,"91":1,"92":1,"93":0,"94":0,"95":0,"96":0,"97":0,"98":0,"99":0,"100":0,"101":0,"102":0,"103":0,"104":0,"105":0,"106":0,"107":0,"108":0,"109":0,"110":0,"111":0,"112":0,"113":1,"114":1,"115":0,"116":0,"117":0,"118":0,"119":0,"120":0,"121":0,"122":0,"123":0,"124":0,"125":0,"126":0,"127":0,"128":0,"129":0,"130":0,"131":0,"132":0,"133":0,"134":0,"135":1},"f":{"0":3,"1":0,"2":0,"3":3,"4":0,"5":0,"6":3,"7":1,"8":1,"9":1,"10":1,"11":1,"12":0,"13":1,"14":0,"15":1,"16":1,"17":1,"18":1,"19":0,"20":1,"21":1,"22":1,"23":0,"24":1,"25":1,"26":0,"27":0,"28":0,"29":0,"30":0,"31":0,"32":0,"33":0,"34":0,"35":0,"36":0,"37":0,"38":0,"39":0,"40":0,"41":0},"b":{"0":[1,1,1],"1":[0,0],"2":[3,3],"3":[3,0],"4":[3,3],"5":[1,1,1],"6":[1,0],"7":[1,1],"8":[0,1],"9":[0,1],"10":[0,0],"11":[0,0],"12":[0,0],"13":[0,0],"14":[0,0],"15":[0,0],"16":[0,0]},"_coverageSchema":"1a1c01bbd47fc00a2c39e90264f33305004495a9","hash":"56bb87d569be6e1275b1c134d83090458e4bba3d"}
,"C:\\Users\\Badr\\Desktop\\Development\\nodejs-blogapp\\dist\\routes\\articleRoutes.js": {"path":"C:\\Users\\Badr\\Desktop\\Development\\nodejs-blogapp\\dist\\routes\\articleRoutes.js","statementMap":{"0":{"start":{"line":2,"column":22},"end":{"line":12,"column":3}},"1":{"start":{"line":3,"column":4},"end":{"line":3,"column":33}},"2":{"start":{"line":3,"column":26},"end":{"line":3,"column":33}},"3":{"start":{"line":4,"column":15},"end":{"line":4,"column":52}},"4":{"start":{"line":5,"column":4},"end":{"line":7,"column":5}},"5":{"start":{"line":6,"column":6},"end":{"line":6,"column":68}},"6":{"start":{"line":6,"column":51},"end":{"line":6,"column":63}},"7":{"start":{"line":8,"column":4},"end":{"line":8,"column":39}},"8":{"start":{"line":10,"column":4},"end":{"line":10,"column":33}},"9":{"start":{"line":10,"column":26},"end":{"line":10,"column":33}},"10":{"start":{"line":11,"column":4},"end":{"line":11,"column":17}},"11":{"start":{"line":13,"column":25},"end":{"line":17,"column":2}},"12":{"start":{"line":14,"column":4},"end":{"line":14,"column":72}},"13":{"start":{"line":16,"column":4},"end":{"line":16,"column":21}},"14":{"start":{"line":18,"column":19},"end":{"line":24,"column":1}},"15":{"start":{"line":19,"column":4},"end":{"line":19,"column":42}},"16":{"start":{"line":19,"column":31},"end":{"line":19,"column":42}},"17":{"start":{"line":20,"column":17},"end":{"line":20,"column":19}},"18":{"start":{"line":21,"column":4},"end":{"line":21,"column":141}},"19":{"start":{"line":21,"column":21},"end":{"line":21,"column":141}},"20":{"start":{"line":21,"column":40},"end":{"line":21,"column":141}},"21":{"start":{"line":21,"column":109},"end":{"line":21,"column":141}},"22":{"start":{"line":22,"column":4},"end":{"line":22,"column":36}},"23":{"start":{"line":23,"column":4},"end":{"line":23,"column":18}},"24":{"start":{"line":25,"column":22},"end":{"line":27,"column":1}},"25":{"start":{"line":26,"column":4},"end":{"line":26,"column":62}},"26":{"start":{"line":28,"column":0},"end":{"line":28,"column":62}},"27":{"start":{"line":29,"column":18},"end":{"line":29,"column":53}},"28":{"start":{"line":30,"column":26},"end":{"line":30,"column":83}},"29":{"start":{"line":31,"column":15},"end":{"line":31,"column":41}},"30":{"start":{"line":32,"column":0},"end":{"line":32,"column":48}},"31":{"start":{"line":33,"column":0},"end":{"line":33,"column":49}},"32":{"start":{"line":34,"column":0},"end":{"line":34,"column":50}},"33":{"start":{"line":35,"column":0},"end":{"line":35,"column":60}},"34":{"start":{"line":36,"column":0},"end":{"line":36,"column":62}},"35":{"start":{"line":37,"column":0},"end":{"line":37,"column":82}},"36":{"start":{"line":38,"column":0},"end":{"line":38,"column":25}}},"fnMap":{"0":{"name":"(anonymous_0)","decl":{"start":{"line":2,"column":74},"end":{"line":2,"column":75}},"loc":{"start":{"line":2,"column":96},"end":{"line":9,"column":1}},"line":2},"1":{"name":"(anonymous_1)","decl":{"start":{"line":6,"column":38},"end":{"line":6,"column":39}},"loc":{"start":{"line":6,"column":49},"end":{"line":6,"column":65}},"line":6},"2":{"name":"(anonymous_2)","decl":{"start":{"line":9,"column":6},"end":{"line":9,"column":7}},"loc":{"start":{"line":9,"column":28},"end":{"line":12,"column":1}},"line":9},"3":{"name":"(anonymous_3)","decl":{"start":{"line":13,"column":80},"end":{"line":13,"column":81}},"loc":{"start":{"line":13,"column":95},"end":{"line":15,"column":1}},"line":13},"4":{"name":"(anonymous_4)","decl":{"start":{"line":15,"column":5},"end":{"line":15,"column":6}},"loc":{"start":{"line":15,"column":20},"end":{"line":17,"column":1}},"line":15},"5":{"name":"(anonymous_5)","decl":{"start":{"line":18,"column":50},"end":{"line":18,"column":51}},"loc":{"start":{"line":18,"column":65},"end":{"line":24,"column":1}},"line":18},"6":{"name":"(anonymous_6)","decl":{"start":{"line":25,"column":56},"end":{"line":25,"column":57}},"loc":{"start":{"line":25,"column":71},"end":{"line":27,"column":1}},"line":25}},"branchMap":{"0":{"loc":{"start":{"line":2,"column":22},"end":{"line":12,"column":3}},"type":"binary-expr","locations":[{"start":{"line":2,"column":23},"end":{"line":2,"column":27}},{"start":{"line":2,"column":31},"end":{"line":2,"column":51}},{"start":{"line":2,"column":57},"end":{"line":12,"column":2}}],"line":2},"1":{"loc":{"start":{"line":2,"column":57},"end":{"line":12,"column":2}},"type":"cond-expr","locations":[{"start":{"line":2,"column":74},"end":{"line":9,"column":1}},{"start":{"line":9,"column":6},"end":{"line":12,"column":1}}],"line":2},"2":{"loc":{"start":{"line":3,"column":4},"end":{"line":3,"column":33}},"type":"if","locations":[{"start":{"line":3,"column":4},"end":{"line":3,"column":33}},{"start":{},"end":{}}],"line":3},"3":{"loc":{"start":{"line":5,"column":4},"end":{"line":7,"column":5}},"type":"if","locations":[{"start":{"line":5,"column":4},"end":{"line":7,"column":5}},{"start":{},"end":{}}],"line":5},"4":{"loc":{"start":{"line":5,"column":8},"end":{"line":5,"column":85}},"type":"binary-expr","locations":[{"start":{"line":5,"column":8},"end":{"line":5,"column":13}},{"start":{"line":5,"column":18},"end":{"line":5,"column":84}}],"line":5},"5":{"loc":{"start":{"line":5,"column":18},"end":{"line":5,"column":84}},"type":"cond-expr","locations":[{"start":{"line":5,"column":34},"end":{"line":5,"column":47}},{"start":{"line":5,"column":50},"end":{"line":5,"column":84}}],"line":5},"6":{"loc":{"start":{"line":5,"column":50},"end":{"line":5,"column":84}},"type":"binary-expr","locations":[{"start":{"line":5,"column":50},"end":{"line":5,"column":63}},{"start":{"line":5,"column":67},"end":{"line":5,"column":84}}],"line":5},"7":{"loc":{"start":{"line":10,"column":4},"end":{"line":10,"column":33}},"type":"if","locations":[{"start":{"line":10,"column":4},"end":{"line":10,"column":33}},{"start":{},"end":{}}],"line":10},"8":{"loc":{"start":{"line":13,"column":25},"end":{"line":17,"column":2}},"type":"binary-expr","locations":[{"start":{"line":13,"column":26},"end":{"line":13,"column":30}},{"start":{"line":13,"column":34},"end":{"line":13,"column":57}},{"start":{"line":13,"column":63},"end":{"line":17,"column":1}}],"line":13},"9":{"loc":{"start":{"line":13,"column":63},"end":{"line":17,"column":1}},"type":"cond-expr","locations":[{"start":{"line":13,"column":80},"end":{"line":15,"column":1}},{"start":{"line":15,"column":5},"end":{"line":17,"column":1}}],"line":13},"10":{"loc":{"start":{"line":18,"column":19},"end":{"line":24,"column":1}},"type":"binary-expr","locations":[{"start":{"line":18,"column":20},"end":{"line":18,"column":24}},{"start":{"line":18,"column":28},"end":{"line":18,"column":45}},{"start":{"line":18,"column":50},"end":{"line":24,"column":1}}],"line":18},"11":{"loc":{"start":{"line":19,"column":4},"end":{"line":19,"column":42}},"type":"if","locations":[{"start":{"line":19,"column":4},"end":{"line":19,"column":42}},{"start":{},"end":{}}],"line":19},"12":{"loc":{"start":{"line":19,"column":8},"end":{"line":19,"column":29}},"type":"binary-expr","locations":[{"start":{"line":19,"column":8},"end":{"line":19,"column":11}},{"start":{"line":19,"column":15},"end":{"line":19,"column":29}}],"line":19},"13":{"loc":{"start":{"line":21,"column":4},"end":{"line":21,"column":141}},"type":"if","locations":[{"start":{"line":21,"column":4},"end":{"line":21,"column":141}},{"start":{},"end":{}}],"line":21},"14":{"loc":{"start":{"line":21,"column":40},"end":{"line":21,"column":141}},"type":"if","locations":[{"start":{"line":21,"column":40},"end":{"line":21,"column":141}},{"start":{},"end":{}}],"line":21},"15":{"loc":{"start":{"line":21,"column":44},"end":{"line":21,"column":107}},"type":"binary-expr","locations":[{"start":{"line":21,"column":44},"end":{"line":21,"column":59}},{"start":{"line":21,"column":63},"end":{"line":21,"column":107}}],"line":21},"16":{"loc":{"start":{"line":25,"column":22},"end":{"line":27,"column":1}},"type":"binary-expr","locations":[{"start":{"line":25,"column":23},"end":{"line":25,"column":27}},{"start":{"line":25,"column":31},"end":{"line":25,"column":51}},{"start":{"line":25,"column":56},"end":{"line":27,"column":1}}],"line":25},"17":{"loc":{"start":{"line":26,"column":11},"end":{"line":26,"column":61}},"type":"cond-expr","locations":[{"start":{"line":26,"column":37},"end":{"line":26,"column":40}},{"start":{"line":26,"column":43},"end":{"line":26,"column":61}}],"line":26},"18":{"loc":{"start":{"line":26,"column":12},"end":{"line":26,"column":33}},"type":"binary-expr","locations":[{"start":{"line":26,"column":12},"end":{"line":26,"column":15}},{"start":{"line":26,"column":19},"end":{"line":26,"column":33}}],"line":26}},"s":{"0":1,"1":0,"2":0,"3":0,"4":0,"5":0,"6":0,"7":0,"8":0,"9":0,"10":0,"11":1,"12":0,"13":0,"14":1,"15":1,"16":1,"17":0,"18":0,"19":0,"20":0,"21":0,"22":0,"23":0,"24":1,"25":1,"26":1,"27":1,"28":1,"29":1,"30":1,"31":1,"32":1,"33":1,"34":1,"35":1,"36":1},"f":{"0":0,"1":0,"2":0,"3":0,"4":0,"5":1,"6":1},"b":{"0":[1,1,1],"1":[1,0],"2":[0,0],"3":[0,0],"4":[0,0],"5":[0,0],"6":[0,0],"7":[0,0],"8":[1,1,1],"9":[1,0],"10":[1,1,1],"11":[1,0],"12":[1,1],"13":[0,0],"14":[0,0],"15":[0,0],"16":[1,1,1],"17":[0,1],"18":[1,1]},"_coverageSchema":"1a1c01bbd47fc00a2c39e90264f33305004495a9","hash":"cec4efc0f8e88940a6c363798e294726b995f7ab"}
}
